C:\Users\AEGS\Documents\GitHub\I-Progra-Bases-Datos\ProyectoBases\ProyectoBases\dist\out-tsc\app\app.component.js
C:\Users\AEGS\Documents\GitHub\I-Progra-Bases-Datos\ProyectoBases\ProyectoBases\dist\out-tsc\app\app.component.js.map
C:\Users\AEGS\Documents\GitHub\I-Progra-Bases-Datos\ProyectoBases\ProyectoBases\dist\out-tsc\app\home\home.component.js
C:\Users\AEGS\Documents\GitHub\I-Progra-Bases-Datos\ProyectoBases\ProyectoBases\dist\out-tsc\app\home\home.component.js.map
C:\Users\AEGS\Documents\GitHub\I-Progra-Bases-Datos\ProyectoBases\ProyectoBases\dist\out-tsc\app\login\login.component.js
C:\Users\AEGS\Documents\GitHub\I-Progra-Bases-Datos\ProyectoBases\ProyectoBases\dist\out-tsc\app\login\login.component.js.map
C:\Users\AEGS\Documents\GitHub\I-Progra-Bases-Datos\ProyectoBases\ProyectoBases\dist\out-tsc\app\registro\registro.component.js
C:\Users\AEGS\Documents\GitHub\I-Progra-Bases-Datos\ProyectoBases\ProyectoBases\dist\out-tsc\app\registro\registro.component.js.map
C:\Users\AEGS\Documents\GitHub\I-Progra-Bases-Datos\ProyectoBases\ProyectoBases\dist\out-tsc\app\shared\menu\menu.component.js
C:\Users\AEGS\Documents\GitHub\I-Progra-Bases-Datos\ProyectoBases\ProyectoBases\dist\out-tsc\app\shared\menu\menu.component.js.map
C:\Users\AEGS\Documents\GitHub\I-Progra-Bases-Datos\ProyectoBases\ProyectoBases\dist\out-tsc\app\router.config.js
C:\Users\AEGS\Documents\GitHub\I-Progra-Bases-Datos\ProyectoBases\ProyectoBases\dist\out-tsc\app\router.config.js.map
C:\Users\AEGS\Documents\GitHub\I-Progra-Bases-Datos\ProyectoBases\ProyectoBases\dist\out-tsc\app\app.module.js
C:\Users\AEGS\Documents\GitHub\I-Progra-Bases-Datos\ProyectoBases\ProyectoBases\dist\out-tsc\app\app.module.js.map
C:\Users\AEGS\Documents\GitHub\I-Progra-Bases-Datos\ProyectoBases\ProyectoBases\dist\out-tsc\environments\environment.js
C:\Users\AEGS\Documents\GitHub\I-Progra-Bases-Datos\ProyectoBases\ProyectoBases\dist\out-tsc\environments\environment.js.map
C:\Users\AEGS\Documents\GitHub\I-Progra-Bases-Datos\ProyectoBases\ProyectoBases\dist\out-tsc\main.js
C:\Users\AEGS\Documents\GitHub\I-Progra-Bases-Datos\ProyectoBases\ProyectoBases\dist\out-tsc\main.js.map
C:\Users\AEGS\Documents\GitHub\I-Progra-Bases-Datos\ProyectoBases\ProyectoBases\dist\out-tsc\polyfills.js
C:\Users\AEGS\Documents\GitHub\I-Progra-Bases-Datos\ProyectoBases\ProyectoBases\dist\out-tsc\polyfills.js.map
C:\Users\AEGS\Documents\GitHub\I-Progra-Bases-Datos\ProyectoBases\ProyectoBases\dist\out-tsc\environments\environment.prod.js
C:\Users\AEGS\Documents\GitHub\I-Progra-Bases-Datos\ProyectoBases\ProyectoBases\dist\out-tsc\environments\environment.prod.js.map
